[debug] [2021-11-29T15:05:39.823Z] ----------------------------------------------------------------------
[debug] [2021-11-29T15:05:39.826Z] Command:       C:\Program Files\nodejs\node.exe C:\Users\mdrab\AppData\Roaming\npm\node_modules\firebase-tools\lib\bin\firebase.js init
[debug] [2021-11-29T15:05:39.826Z] CLI Version:   9.23.0
[debug] [2021-11-29T15:05:39.826Z] Platform:      win32
[debug] [2021-11-29T15:05:39.827Z] Node Version:  v12.19.0
[debug] [2021-11-29T15:05:39.828Z] Time:          Mon Nov 29 2021 21:05:39 GMT+0600 (Bangladesh Standard Time)
[debug] [2021-11-29T15:05:39.828Z] ----------------------------------------------------------------------
[debug] 
[debug] [2021-11-29T15:05:39.837Z] > command requires scopes: ["email","openid","https://www.googleapis.com/auth/cloudplatformprojects.readonly","https://www.googleapis.com/auth/firebase","https://www.googleapis.com/auth/cloud-platform"]
[debug] [2021-11-29T15:05:39.837Z] > authorizing via signed-in user (rabibd.it@gmail.com)
[info] 
     ######## #### ########  ######## ########     ###     ######  ########
     ##        ##  ##     ## ##       ##     ##  ##   ##  ##       ##
     ######    ##  ########  ######   ########  #########  ######  ######
     ##        ##  ##    ##  ##       ##     ## ##     ##       ## ##
     ##       #### ##     ## ######## ########  ##     ##  ######  ########

You're about to initialize a Firebase project in this directory:

  C:\projects\react\rabiul-islam

Before we get started, keep in mind:

  * You are currently outside your home directory

